2025-12-14 14:57:30.891 WARNING (SyncWorker_0) [homeassistant.loader] We found a custom integration toon_climate which has not been tested by Home Assistant. This component might cause stability problems, be sure to disable it if you experience issues with Home Assistant
2025-12-14 14:57:30.892 WARNING (SyncWorker_0) [homeassistant.loader] We found a custom integration toon_climate which has not been tested by Home Assistant. This component might cause stability problems, be sure to disable it if you experience issues with Home Assistant
2025-12-14 14:57:31.882 WARNING (MainThread) [aiohttp_fast_zlib] zlib_ng and isal are not available, falling back to zlib, performance will be degraded.
2025-12-14 14:57:31.942 WARNING (Recorder) [homeassistant.components.recorder.util] The system could not validate that the sqlite3 database at //workspaces/home-assistant-toon_climate/config/home-assistant_v2.db was shutdown cleanly
2025-12-14 14:57:31.975 WARNING (Recorder) [homeassistant.components.recorder.util] Ended unfinished session (id=2 from 2025-12-14 14:51:06.752299)
2025-12-14 14:57:32.120 ERROR (MainThread) [haffmpeg.core] FFmpeg fails [Errno 2] No such file or directory: 'ffmpeg'
Traceback (most recent call last):
  File "/home/vscode/.local/lib/python3.13/site-packages/haffmpeg/core.py", line 130, in open
    self._proc = await asyncio.create_subprocess_exec(
                 ^^^^^^^^^^^^^^^^^^^^^^^^^^^^^^^^^^^^^
    ...<6 lines>...
    )
    ^
  File "/usr/local/lib/python3.13/asyncio/subprocess.py", line 224, in create_subprocess_exec
    transport, protocol = await loop.subprocess_exec(
                          ^^^^^^^^^^^^^^^^^^^^^^^^^^^
    ...<3 lines>...
        stderr=stderr, **kwds)
        ^^^^^^^^^^^^^^^^^^^^^^
  File "/usr/local/lib/python3.13/asyncio/base_events.py", line 1794, in subprocess_exec
    transport = await self._make_subprocess_transport(
                ^^^^^^^^^^^^^^^^^^^^^^^^^^^^^^^^^^^^^^
        protocol, popen_args, False, stdin, stdout, stderr,
        ^^^^^^^^^^^^^^^^^^^^^^^^^^^^^^^^^^^^^^^^^^^^^^^^^^^
        bufsize, **kwargs)
        ^^^^^^^^^^^^^^^^^^
  File "/usr/local/lib/python3.13/asyncio/unix_events.py", line 213, in _make_subprocess_transport
    transp = _UnixSubprocessTransport(self, protocol, args, shell,
                                    stdin, stdout, stderr, bufsize,
                                    waiter=waiter, extra=extra,
                                    **kwargs)
  File "/usr/local/lib/python3.13/asyncio/base_subprocess.py", line 39, in __init__
    self._start(args=args, shell=shell, stdin=stdin, stdout=stdout,
    ~~~~~~~~~~~^^^^^^^^^^^^^^^^^^^^^^^^^^^^^^^^^^^^^^^^^^^^^^^^^^^^
                stderr=stderr, bufsize=bufsize, **kwargs)
                ^^^^^^^^^^^^^^^^^^^^^^^^^^^^^^^^^^^^^^^^^
  File "/usr/local/lib/python3.13/asyncio/unix_events.py", line 855, in _start
    self._proc = subprocess.Popen(
                 ~~~~~~~~~~~~~~~~^
        args, shell=shell, stdin=stdin, stdout=stdout, stderr=stderr,
        ^^^^^^^^^^^^^^^^^^^^^^^^^^^^^^^^^^^^^^^^^^^^^^^^^^^^^^^^^^^^^
        universal_newlines=False, bufsize=bufsize, **kwargs)
        ^^^^^^^^^^^^^^^^^^^^^^^^^^^^^^^^^^^^^^^^^^^^^^^^^^^^
  File "/usr/local/lib/python3.13/subprocess.py", line 1039, in __init__
    self._execute_child(args, executable, preexec_fn, close_fds,
    ~~~~~~~~~~~~~~~~~~~^^^^^^^^^^^^^^^^^^^^^^^^^^^^^^^^^^^^^^^^^
                        pass_fds, cwd, env,
                        ^^^^^^^^^^^^^^^^^^^
    ...<5 lines>...
                        gid, gids, uid, umask,
                        ^^^^^^^^^^^^^^^^^^^^^^
                        start_new_session, process_group)
                        ^^^^^^^^^^^^^^^^^^^^^^^^^^^^^^^^^
  File "/usr/local/lib/python3.13/subprocess.py", line 1972, in _execute_child
    raise child_exception_type(errno_num, err_msg, err_filename)
FileNotFoundError: [Errno 2] No such file or directory: 'ffmpeg'
2025-12-14 14:57:32.128 WARNING (MainThread) [haffmpeg.tools] Error starting FFmpeg.
2025-12-14 14:57:32.585 ERROR (ImportExecutor_0) [homeassistant.components.camera.img_util] Error loading libturbojpeg; Camera snapshot performance will be sub-optimal
Traceback (most recent call last):
  File "/home/vscode/.local/lib/python3.13/site-packages/homeassistant/components/camera/img_util.py", line 93, in __init__
    TurboJPEGSingleton.__instance = TurboJPEG()
                                    ~~~~~~~~~^^
  File "/home/vscode/.local/lib/python3.13/site-packages/turbojpeg.py", line 301, in __init__
    self.__find_turbojpeg() if lib_path is None else lib_path)
    ~~~~~~~~~~~~~~~~~~~~~^^
  File "/home/vscode/.local/lib/python3.13/site-packages/turbojpeg.py", line 974, in __find_turbojpeg
    raise RuntimeError(
    ...<2 lines>...
        'e.g. jpeg = TurboJPEG(lib_path)')
RuntimeError: Unable to locate turbojpeg library automatically. You may specify the turbojpeg library path manually.
e.g. jpeg = TurboJPEG(lib_path)
2025-12-14 14:57:33.023 WARNING (MainThread) [asyncio] Executing <Task pending name='Task-1' coro=<setup_and_run_hass() running at /home/vscode/.local/lib/python3.13/site-packages/homeassistant/runner.py:256> wait_for=<_GatheringFuture pending cb=[Task.task_wakeup()] created at /usr/local/lib/python3.13/asyncio/tasks.py:765> cb=[_run_until_complete_cb() at /usr/local/lib/python3.13/asyncio/base_events.py:181] created at /usr/local/lib/python3.13/asyncio/tasks.py:748> took 0.372 seconds
2025-12-14 14:57:33.172 ERROR (MainThread) [homeassistant.components.go2rtc] Could not find go2rtc docker binary
2025-12-14 14:57:33.173 ERROR (MainThread) [homeassistant.setup] Setup failed for 'go2rtc': Integration failed to initialize.
2025-12-14 14:57:33.230 ERROR (MainThread) [homeassistant.setup] Unable to set up dependencies of 'default_config'. Setup failed for dependencies: ['go2rtc']
2025-12-14 14:57:33.230 ERROR (MainThread) [homeassistant.setup] Setup failed for 'default_config': Could not setup dependencies: go2rtc
2025-12-14 14:57:33.675 ERROR (SyncWorker_0) [aiodhcpwatcher] Cannot watch for dhcp packets without a functional packet filter: libpcap is not available. Cannot compile filter !
2025-12-14 14:58:56.671 WARNING (MainThread) [asyncio] Executing <Task pending name='Task-110' coro=<RequestHandler._handle_request() running at /home/vscode/.local/lib/python3.13/site-packages/aiohttp/web_protocol.py:510> wait_for=<Future pending cb=[Task.task_wakeup()] created at /usr/local/lib/python3.13/asyncio/base_events.py:459> cb=[Task.task_wakeup()] created at /home/vscode/.local/lib/python3.13/site-packages/aiohttp/web_protocol.py:598> took 0.244 seconds
2025-12-14 15:00:49.745 ERROR (MainThread) [root] Uncaught exception
Traceback (most recent call last):
  File "/home/vscode/.local/bin/hass", line 8, in <module>
    sys.exit(main())
             ~~~~^^
  File "/home/vscode/.local/lib/python3.13/site-packages/homeassistant/__main__.py", line 215, in main
    exit_code = runner.run(runtime_conf)
  File "/home/vscode/.local/lib/python3.13/site-packages/homeassistant/runner.py", line 289, in run
    return loop.run_until_complete(setup_and_run_hass(runtime_config))
           ~~~~~~~~~~~~~~~~~~~~~~~^^^^^^^^^^^^^^^^^^^^^^^^^^^^^^^^^^^^
  File "/usr/local/lib/python3.13/asyncio/base_events.py", line 712, in run_until_complete
    self.run_forever()
    ~~~~~~~~~~~~~~~~^^
  File "/usr/local/lib/python3.13/asyncio/base_events.py", line 683, in run_forever
    self._run_once()
    ~~~~~~~~~~~~~~^^
  File "/usr/local/lib/python3.13/asyncio/base_events.py", line 2004, in _run_once
    event_list = self._selector.select(timeout)
  File "/usr/local/lib/python3.13/selectors.py", line 452, in select
    fd_event_list = self._selector.poll(timeout, max_ev)
KeyboardInterrupt
